[2016-05-19 05:08:49] local.ERROR: Symfony\Component\Debug\Exception\FatalThrowableError: Parse error: syntax error, unexpected 'Route' (T_STRING) in /Applications/MAMP/htdocs/diaLaravel/app/Http/routes.php:19
Stack trace:
#0 [internal function]: App\Providers\RouteServiceProvider->App\Providers\{closure}(Object(Illuminate\Routing\Router))
#1 /Applications/MAMP/htdocs/diaLaravel/vendor/laravel/framework/src/Illuminate/Routing/Router.php(398): call_user_func(Object(Closure), Object(Illuminate\Routing\Router))
#2 /Applications/MAMP/htdocs/diaLaravel/app/Providers/RouteServiceProvider.php(59): Illuminate\Routing\Router->group(Array, Object(Closure))
#3 /Applications/MAMP/htdocs/diaLaravel/app/Providers/RouteServiceProvider.php(40): App\Providers\RouteServiceProvider->mapWebRoutes(Object(Illuminate\Routing\Router))
#4 [internal function]: App\Providers\RouteServiceProvider->map(Object(Illuminate\Routing\Router))
#5 /Applications/MAMP/htdocs/diaLaravel/vendor/laravel/framework/src/Illuminate/Container/Container.php(507): call_user_func_array(Array, Array)
#6 /Applications/MAMP/htdocs/diaLaravel/vendor/laravel/framework/src/Illuminate/Foundation/Support/Providers/RouteServiceProvider.php(72): Illuminate\Container\Container->call(Array)
#7 /Applications/MAMP/htdocs/diaLaravel/vendor/laravel/framework/src/Illuminate/Foundation/Support/Providers/RouteServiceProvider.php(31): Illuminate\Foundation\Support\Providers\RouteServiceProvider->loadRoutes()
#8 /Applications/MAMP/htdocs/diaLaravel/app/Providers/RouteServiceProvider.php(29): Illuminate\Foundation\Support\Providers\RouteServiceProvider->boot(Object(Illuminate\Routing\Router))
#9 [internal function]: App\Providers\RouteServiceProvider->boot(Object(Illuminate\Routing\Router))
#10 /Applications/MAMP/htdocs/diaLaravel/vendor/laravel/framework/src/Illuminate/Container/Container.php(507): call_user_func_array(Array, Array)
#11 /Applications/MAMP/htdocs/diaLaravel/vendor/laravel/framework/src/Illuminate/Foundation/Application.php(757): Illuminate\Container\Container->call(Array)
#12 /Applications/MAMP/htdocs/diaLaravel/vendor/laravel/framework/src/Illuminate/Foundation/Application.php(740): Illuminate\Foundation\Application->bootProvider(Object(App\Providers\RouteServiceProvider))
#13 [internal function]: Illuminate\Foundation\Application->Illuminate\Foundation\{closure}(Object(App\Providers\RouteServiceProvider), 14)
#14 /Applications/MAMP/htdocs/diaLaravel/vendor/laravel/framework/src/Illuminate/Foundation/Application.php(741): array_walk(Array, Object(Closure))
#15 /Applications/MAMP/htdocs/diaLaravel/vendor/laravel/framework/src/Illuminate/Foundation/Bootstrap/BootProviders.php(17): Illuminate\Foundation\Application->boot()
#16 /Applications/MAMP/htdocs/diaLaravel/vendor/laravel/framework/src/Illuminate/Foundation/Application.php(203): Illuminate\Foundation\Bootstrap\BootProviders->bootstrap(Object(Illuminate\Foundation\Application))
#17 /Applications/MAMP/htdocs/diaLaravel/vendor/laravel/framework/src/Illuminate/Foundation/Http/Kernel.php(232): Illuminate\Foundation\Application->bootstrapWith(Array)
#18 /Applications/MAMP/htdocs/diaLaravel/vendor/laravel/framework/src/Illuminate/Foundation/Http/Kernel.php(127): Illuminate\Foundation\Http\Kernel->bootstrap()
#19 /Applications/MAMP/htdocs/diaLaravel/vendor/laravel/framework/src/Illuminate/Foundation/Http/Kernel.php(99): Illuminate\Foundation\Http\Kernel->sendRequestThroughRouter(Object(Illuminate\Http\Request))
#20 /Applications/MAMP/htdocs/diaLaravel/public/index.php(53): Illuminate\Foundation\Http\Kernel->handle(Object(Illuminate\Http\Request))
#21 {main}  
[2016-05-19 05:09:23] local.ERROR: Symfony\Component\Debug\Exception\FatalThrowableError: Parse error: syntax error, unexpected 'Route' (T_STRING) in /Applications/MAMP/htdocs/diaLaravel/app/Http/routes.php:19
Stack trace:
#0 [internal function]: App\Providers\RouteServiceProvider->App\Providers\{closure}(Object(Illuminate\Routing\Router))
#1 /Applications/MAMP/htdocs/diaLaravel/vendor/laravel/framework/src/Illuminate/Routing/Router.php(398): call_user_func(Object(Closure), Object(Illuminate\Routing\Router))
#2 /Applications/MAMP/htdocs/diaLaravel/app/Providers/RouteServiceProvider.php(59): Illuminate\Routing\Router->group(Array, Object(Closure))
#3 /Applications/MAMP/htdocs/diaLaravel/app/Providers/RouteServiceProvider.php(40): App\Providers\RouteServiceProvider->mapWebRoutes(Object(Illuminate\Routing\Router))
#4 [internal function]: App\Providers\RouteServiceProvider->map(Object(Illuminate\Routing\Router))
#5 /Applications/MAMP/htdocs/diaLaravel/vendor/laravel/framework/src/Illuminate/Container/Container.php(507): call_user_func_array(Array, Array)
#6 /Applications/MAMP/htdocs/diaLaravel/vendor/laravel/framework/src/Illuminate/Foundation/Support/Providers/RouteServiceProvider.php(72): Illuminate\Container\Container->call(Array)
#7 /Applications/MAMP/htdocs/diaLaravel/vendor/laravel/framework/src/Illuminate/Foundation/Support/Providers/RouteServiceProvider.php(31): Illuminate\Foundation\Support\Providers\RouteServiceProvider->loadRoutes()
#8 /Applications/MAMP/htdocs/diaLaravel/app/Providers/RouteServiceProvider.php(29): Illuminate\Foundation\Support\Providers\RouteServiceProvider->boot(Object(Illuminate\Routing\Router))
#9 [internal function]: App\Providers\RouteServiceProvider->boot(Object(Illuminate\Routing\Router))
#10 /Applications/MAMP/htdocs/diaLaravel/vendor/laravel/framework/src/Illuminate/Container/Container.php(507): call_user_func_array(Array, Array)
#11 /Applications/MAMP/htdocs/diaLaravel/vendor/laravel/framework/src/Illuminate/Foundation/Application.php(757): Illuminate\Container\Container->call(Array)
#12 /Applications/MAMP/htdocs/diaLaravel/vendor/laravel/framework/src/Illuminate/Foundation/Application.php(740): Illuminate\Foundation\Application->bootProvider(Object(App\Providers\RouteServiceProvider))
#13 [internal function]: Illuminate\Foundation\Application->Illuminate\Foundation\{closure}(Object(App\Providers\RouteServiceProvider), 14)
#14 /Applications/MAMP/htdocs/diaLaravel/vendor/laravel/framework/src/Illuminate/Foundation/Application.php(741): array_walk(Array, Object(Closure))
#15 /Applications/MAMP/htdocs/diaLaravel/vendor/laravel/framework/src/Illuminate/Foundation/Bootstrap/BootProviders.php(17): Illuminate\Foundation\Application->boot()
#16 /Applications/MAMP/htdocs/diaLaravel/vendor/laravel/framework/src/Illuminate/Foundation/Application.php(203): Illuminate\Foundation\Bootstrap\BootProviders->bootstrap(Object(Illuminate\Foundation\Application))
#17 /Applications/MAMP/htdocs/diaLaravel/vendor/laravel/framework/src/Illuminate/Foundation/Http/Kernel.php(232): Illuminate\Foundation\Application->bootstrapWith(Array)
#18 /Applications/MAMP/htdocs/diaLaravel/vendor/laravel/framework/src/Illuminate/Foundation/Http/Kernel.php(127): Illuminate\Foundation\Http\Kernel->bootstrap()
#19 /Applications/MAMP/htdocs/diaLaravel/vendor/laravel/framework/src/Illuminate/Foundation/Http/Kernel.php(99): Illuminate\Foundation\Http\Kernel->sendRequestThroughRouter(Object(Illuminate\Http\Request))
#20 /Applications/MAMP/htdocs/diaLaravel/public/index.php(53): Illuminate\Foundation\Http\Kernel->handle(Object(Illuminate\Http\Request))
#21 {main}  
[2016-05-19 05:09:28] local.ERROR: InvalidArgumentException: View [greet] not found. in /Applications/MAMP/htdocs/diaLaravel/vendor/laravel/framework/src/Illuminate/View/FileViewFinder.php:137
Stack trace:
#0 /Applications/MAMP/htdocs/diaLaravel/vendor/laravel/framework/src/Illuminate/View/FileViewFinder.php(79): Illuminate\View\FileViewFinder->findInPaths('greet', Array)
#1 /Applications/MAMP/htdocs/diaLaravel/vendor/laravel/framework/src/Illuminate/View/Factory.php(165): Illuminate\View\FileViewFinder->find('greet')
#2 /Applications/MAMP/htdocs/diaLaravel/vendor/laravel/framework/src/Illuminate/Foundation/helpers.php(782): Illuminate\View\Factory->make('greet', Array, Array)
#3 /Applications/MAMP/htdocs/diaLaravel/app/Http/routes.php(20): view('greet')
#4 [internal function]: App\Providers\RouteServiceProvider->{closure}()
#5 /Applications/MAMP/htdocs/diaLaravel/vendor/laravel/framework/src/Illuminate/Routing/Route.php(158): call_user_func_array(Object(Closure), Array)
#6 /Applications/MAMP/htdocs/diaLaravel/vendor/laravel/framework/src/Illuminate/Routing/Route.php(137): Illuminate\Routing\Route->runCallable(Object(Illuminate\Http\Request))
#7 /Applications/MAMP/htdocs/diaLaravel/vendor/laravel/framework/src/Illuminate/Routing/Router.php(724): Illuminate\Routing\Route->run(Object(Illuminate\Http\Request))
#8 [internal function]: Illuminate\Routing\Router->Illuminate\Routing\{closure}(Object(Illuminate\Http\Request))
#9 /Applications/MAMP/htdocs/diaLaravel/vendor/laravel/framework/src/Illuminate/Routing/Pipeline.php(52): call_user_func(Object(Closure), Object(Illuminate\Http\Request))
#10 /Applications/MAMP/htdocs/diaLaravel/vendor/laravel/framework/src/Illuminate/Foundation/Http/Middleware/VerifyCsrfToken.php(64): Illuminate\Routing\Pipeline->Illuminate\Routing\{closure}(Object(Illuminate\Http\Request))
#11 [internal function]: Illuminate\Foundation\Http\Middleware\VerifyCsrfToken->handle(Object(Illuminate\Http\Request), Object(Closure))
#12 /Applications/MAMP/htdocs/diaLaravel/vendor/laravel/framework/src/Illuminate/Pipeline/Pipeline.php(136): call_user_func_array(Array, Array)
#13 [internal function]: Illuminate\Pipeline\Pipeline->Illuminate\Pipeline\{closure}(Object(Illuminate\Http\Request))
#14 /Applications/MAMP/htdocs/diaLaravel/vendor/laravel/framework/src/Illuminate/Routing/Pipeline.php(32): call_user_func(Object(Closure), Object(Illuminate\Http\Request))
#15 /Applications/MAMP/htdocs/diaLaravel/vendor/laravel/framework/src/Illuminate/View/Middleware/ShareErrorsFromSession.php(49): Illuminate\Routing\Pipeline->Illuminate\Routing\{closure}(Object(Illuminate\Http\Request))
#16 [internal function]: Illuminate\View\Middleware\ShareErrorsFromSession->handle(Object(Illuminate\Http\Request), Object(Closure))
#17 /Applications/MAMP/htdocs/diaLaravel/vendor/laravel/framework/src/Illuminate/Pipeline/Pipeline.php(136): call_user_func_array(Array, Array)
#18 [internal function]: Illuminate\Pipeline\Pipeline->Illuminate\Pipeline\{closure}(Object(Illuminate\Http\Request))
#19 /Applications/MAMP/htdocs/diaLaravel/vendor/laravel/framework/src/Illuminate/Routing/Pipeline.php(32): call_user_func(Object(Closure), Object(Illuminate\Http\Request))
#20 /Applications/MAMP/htdocs/diaLaravel/vendor/laravel/framework/src/Illuminate/Session/Middleware/StartSession.php(62): Illuminate\Routing\Pipeline->Illuminate\Routing\{closure}(Object(Illuminate\Http\Request))
#21 [internal function]: Illuminate\Session\Middleware\StartSession->handle(Object(Illuminate\Http\Request), Object(Closure))
#22 /Applications/MAMP/htdocs/diaLaravel/vendor/laravel/framework/src/Illuminate/Pipeline/Pipeline.php(136): call_user_func_array(Array, Array)
#23 [internal function]: Illuminate\Pipeline\Pipeline->Illuminate\Pipeline\{closure}(Object(Illuminate\Http\Request))
#24 /Applications/MAMP/htdocs/diaLaravel/vendor/laravel/framework/src/Illuminate/Routing/Pipeline.php(32): call_user_func(Object(Closure), Object(Illuminate\Http\Request))
#25 /Applications/MAMP/htdocs/diaLaravel/vendor/laravel/framework/src/Illuminate/Cookie/Middleware/AddQueuedCookiesToResponse.php(37): Illuminate\Routing\Pipeline->Illuminate\Routing\{closure}(Object(Illuminate\Http\Request))
#26 [internal function]: Illuminate\Cookie\Middleware\AddQueuedCookiesToResponse->handle(Object(Illuminate\Http\Request), Object(Closure))
#27 /Applications/MAMP/htdocs/diaLaravel/vendor/laravel/framework/src/Illuminate/Pipeline/Pipeline.php(136): call_user_func_array(Array, Array)
#28 [internal function]: Illuminate\Pipeline\Pipeline->Illuminate\Pipeline\{closure}(Object(Illuminate\Http\Request))
#29 /Applications/MAMP/htdocs/diaLaravel/vendor/laravel/framework/src/Illuminate/Routing/Pipeline.php(32): call_user_func(Object(Closure), Object(Illuminate\Http\Request))
#30 /Applications/MAMP/htdocs/diaLaravel/vendor/laravel/framework/src/Illuminate/Cookie/Middleware/EncryptCookies.php(59): Illuminate\Routing\Pipeline->Illuminate\Routing\{closure}(Object(Illuminate\Http\Request))
#31 [internal function]: Illuminate\Cookie\Middleware\EncryptCookies->handle(Object(Illuminate\Http\Request), Object(Closure))
#32 /Applications/MAMP/htdocs/diaLaravel/vendor/laravel/framework/src/Illuminate/Pipeline/Pipeline.php(136): call_user_func_array(Array, Array)
#33 [internal function]: Illuminate\Pipeline\Pipeline->Illuminate\Pipeline\{closure}(Object(Illuminate\Http\Request))
#34 /Applications/MAMP/htdocs/diaLaravel/vendor/laravel/framework/src/Illuminate/Routing/Pipeline.php(32): call_user_func(Object(Closure), Object(Illuminate\Http\Request))
#35 [internal function]: Illuminate\Routing\Pipeline->Illuminate\Routing\{closure}(Object(Illuminate\Http\Request))
#36 /Applications/MAMP/htdocs/diaLaravel/vendor/laravel/framework/src/Illuminate/Pipeline/Pipeline.php(102): call_user_func(Object(Closure), Object(Illuminate\Http\Request))
#37 /Applications/MAMP/htdocs/diaLaravel/vendor/laravel/framework/src/Illuminate/Routing/Router.php(726): Illuminate\Pipeline\Pipeline->then(Object(Closure))
#38 /Applications/MAMP/htdocs/diaLaravel/vendor/laravel/framework/src/Illuminate/Routing/Router.php(699): Illuminate\Routing\Router->runRouteWithinStack(Object(Illuminate\Routing\Route), Object(Illuminate\Http\Request))
#39 /Applications/MAMP/htdocs/diaLaravel/vendor/laravel/framework/src/Illuminate/Routing/Router.php(675): Illuminate\Routing\Router->dispatchToRoute(Object(Illuminate\Http\Request))
#40 /Applications/MAMP/htdocs/diaLaravel/vendor/laravel/framework/src/Illuminate/Foundation/Http/Kernel.php(246): Illuminate\Routing\Router->dispatch(Object(Illuminate\Http\Request))
#41 [internal function]: Illuminate\Foundation\Http\Kernel->Illuminate\Foundation\Http\{closure}(Object(Illuminate\Http\Request))
#42 /Applications/MAMP/htdocs/diaLaravel/vendor/laravel/framework/src/Illuminate/Routing/Pipeline.php(52): call_user_func(Object(Closure), Object(Illuminate\Http\Request))
#43 /Applications/MAMP/htdocs/diaLaravel/vendor/laravel/framework/src/Illuminate/Foundation/Http/Middleware/CheckForMaintenanceMode.php(44): Illuminate\Routing\Pipeline->Illuminate\Routing\{closure}(Object(Illuminate\Http\Request))
#44 [internal function]: Illuminate\Foundation\Http\Middleware\CheckForMaintenanceMode->handle(Object(Illuminate\Http\Request), Object(Closure))
#45 /Applications/MAMP/htdocs/diaLaravel/vendor/laravel/framework/src/Illuminate/Pipeline/Pipeline.php(136): call_user_func_array(Array, Array)
#46 [internal function]: Illuminate\Pipeline\Pipeline->Illuminate\Pipeline\{closure}(Object(Illuminate\Http\Request))
#47 /Applications/MAMP/htdocs/diaLaravel/vendor/laravel/framework/src/Illuminate/Routing/Pipeline.php(32): call_user_func(Object(Closure), Object(Illuminate\Http\Request))
#48 [internal function]: Illuminate\Routing\Pipeline->Illuminate\Routing\{closure}(Object(Illuminate\Http\Request))
#49 /Applications/MAMP/htdocs/diaLaravel/vendor/laravel/framework/src/Illuminate/Pipeline/Pipeline.php(102): call_user_func(Object(Closure), Object(Illuminate\Http\Request))
#50 /Applications/MAMP/htdocs/diaLaravel/vendor/laravel/framework/src/Illuminate/Foundation/Http/Kernel.php(132): Illuminate\Pipeline\Pipeline->then(Object(Closure))
#51 /Applications/MAMP/htdocs/diaLaravel/vendor/laravel/framework/src/Illuminate/Foundation/Http/Kernel.php(99): Illuminate\Foundation\Http\Kernel->sendRequestThroughRouter(Object(Illuminate\Http\Request))
#52 /Applications/MAMP/htdocs/diaLaravel/public/index.php(53): Illuminate\Foundation\Http\Kernel->handle(Object(Illuminate\Http\Request))
#53 {main}  
[2016-05-19 05:10:33] local.ERROR: InvalidArgumentException: Route [kiss] not defined. in /Applications/MAMP/htdocs/diaLaravel/vendor/laravel/framework/src/Illuminate/Routing/UrlGenerator.php:307
Stack trace:
#0 /Applications/MAMP/htdocs/diaLaravel/vendor/laravel/framework/src/Illuminate/Foundation/helpers.php(619): Illuminate\Routing\UrlGenerator->route('kiss', Array, true)
#1 /Applications/MAMP/htdocs/diaLaravel/storage/framework/views/771911041978f23422b99281c2c343a7173992fc.php(11): route('kiss')
#2 /Applications/MAMP/htdocs/diaLaravel/vendor/laravel/framework/src/Illuminate/View/Engines/PhpEngine.php(42): include('/Applications/M...')
#3 /Applications/MAMP/htdocs/diaLaravel/vendor/laravel/framework/src/Illuminate/View/Engines/CompilerEngine.php(59): Illuminate\View\Engines\PhpEngine->evaluatePath('/Applications/M...', Array)
#4 /Applications/MAMP/htdocs/diaLaravel/vendor/laravel/framework/src/Illuminate/View/View.php(149): Illuminate\View\Engines\CompilerEngine->get('/Applications/M...', Array)
#5 /Applications/MAMP/htdocs/diaLaravel/vendor/laravel/framework/src/Illuminate/View/View.php(120): Illuminate\View\View->getContents()
#6 /Applications/MAMP/htdocs/diaLaravel/vendor/laravel/framework/src/Illuminate/View/View.php(85): Illuminate\View\View->renderContents()
#7 /Applications/MAMP/htdocs/diaLaravel/vendor/laravel/framework/src/Illuminate/Http/Response.php(53): Illuminate\View\View->render()
#8 /Applications/MAMP/htdocs/diaLaravel/vendor/symfony/http-foundation/Response.php(199): Illuminate\Http\Response->setContent(Object(Illuminate\View\View))
#9 /Applications/MAMP/htdocs/diaLaravel/vendor/laravel/framework/src/Illuminate/Routing/Router.php(1087): Symfony\Component\HttpFoundation\Response->__construct(Object(Illuminate\View\View))
#10 /Applications/MAMP/htdocs/diaLaravel/vendor/laravel/framework/src/Illuminate/Routing/Router.php(724): Illuminate\Routing\Router->prepareResponse(Object(Illuminate\Http\Request), Object(Illuminate\View\View))
#11 [internal function]: Illuminate\Routing\Router->Illuminate\Routing\{closure}(Object(Illuminate\Http\Request))
#12 /Applications/MAMP/htdocs/diaLaravel/vendor/laravel/framework/src/Illuminate/Routing/Pipeline.php(52): call_user_func(Object(Closure), Object(Illuminate\Http\Request))
#13 /Applications/MAMP/htdocs/diaLaravel/vendor/laravel/framework/src/Illuminate/Foundation/Http/Middleware/VerifyCsrfToken.php(64): Illuminate\Routing\Pipeline->Illuminate\Routing\{closure}(Object(Illuminate\Http\Request))
#14 [internal function]: Illuminate\Foundation\Http\Middleware\VerifyCsrfToken->handle(Object(Illuminate\Http\Request), Object(Closure))
#15 /Applications/MAMP/htdocs/diaLaravel/vendor/laravel/framework/src/Illuminate/Pipeline/Pipeline.php(136): call_user_func_array(Array, Array)
#16 [internal function]: Illuminate\Pipeline\Pipeline->Illuminate\Pipeline\{closure}(Object(Illuminate\Http\Request))
#17 /Applications/MAMP/htdocs/diaLaravel/vendor/laravel/framework/src/Illuminate/Routing/Pipeline.php(32): call_user_func(Object(Closure), Object(Illuminate\Http\Request))
#18 /Applications/MAMP/htdocs/diaLaravel/vendor/laravel/framework/src/Illuminate/View/Middleware/ShareErrorsFromSession.php(49): Illuminate\Routing\Pipeline->Illuminate\Routing\{closure}(Object(Illuminate\Http\Request))
#19 [internal function]: Illuminate\View\Middleware\ShareErrorsFromSession->handle(Object(Illuminate\Http\Request), Object(Closure))
#20 /Applications/MAMP/htdocs/diaLaravel/vendor/laravel/framework/src/Illuminate/Pipeline/Pipeline.php(136): call_user_func_array(Array, Array)
#21 [internal function]: Illuminate\Pipeline\Pipeline->Illuminate\Pipeline\{closure}(Object(Illuminate\Http\Request))
#22 /Applications/MAMP/htdocs/diaLaravel/vendor/laravel/framework/src/Illuminate/Routing/Pipeline.php(32): call_user_func(Object(Closure), Object(Illuminate\Http\Request))
#23 /Applications/MAMP/htdocs/diaLaravel/vendor/laravel/framework/src/Illuminate/Session/Middleware/StartSession.php(62): Illuminate\Routing\Pipeline->Illuminate\Routing\{closure}(Object(Illuminate\Http\Request))
#24 [internal function]: Illuminate\Session\Middleware\StartSession->handle(Object(Illuminate\Http\Request), Object(Closure))
#25 /Applications/MAMP/htdocs/diaLaravel/vendor/laravel/framework/src/Illuminate/Pipeline/Pipeline.php(136): call_user_func_array(Array, Array)
#26 [internal function]: Illuminate\Pipeline\Pipeline->Illuminate\Pipeline\{closure}(Object(Illuminate\Http\Request))
#27 /Applications/MAMP/htdocs/diaLaravel/vendor/laravel/framework/src/Illuminate/Routing/Pipeline.php(32): call_user_func(Object(Closure), Object(Illuminate\Http\Request))
#28 /Applications/MAMP/htdocs/diaLaravel/vendor/laravel/framework/src/Illuminate/Cookie/Middleware/AddQueuedCookiesToResponse.php(37): Illuminate\Routing\Pipeline->Illuminate\Routing\{closure}(Object(Illuminate\Http\Request))
#29 [internal function]: Illuminate\Cookie\Middleware\AddQueuedCookiesToResponse->handle(Object(Illuminate\Http\Request), Object(Closure))
#30 /Applications/MAMP/htdocs/diaLaravel/vendor/laravel/framework/src/Illuminate/Pipeline/Pipeline.php(136): call_user_func_array(Array, Array)
#31 [internal function]: Illuminate\Pipeline\Pipeline->Illuminate\Pipeline\{closure}(Object(Illuminate\Http\Request))
#32 /Applications/MAMP/htdocs/diaLaravel/vendor/laravel/framework/src/Illuminate/Routing/Pipeline.php(32): call_user_func(Object(Closure), Object(Illuminate\Http\Request))
#33 /Applications/MAMP/htdocs/diaLaravel/vendor/laravel/framework/src/Illuminate/Cookie/Middleware/EncryptCookies.php(59): Illuminate\Routing\Pipeline->Illuminate\Routing\{closure}(Object(Illuminate\Http\Request))
#34 [internal function]: Illuminate\Cookie\Middleware\EncryptCookies->handle(Object(Illuminate\Http\Request), Object(Closure))
#35 /Applications/MAMP/htdocs/diaLaravel/vendor/laravel/framework/src/Illuminate/Pipeline/Pipeline.php(136): call_user_func_array(Array, Array)
#36 [internal function]: Illuminate\Pipeline\Pipeline->Illuminate\Pipeline\{closure}(Object(Illuminate\Http\Request))
#37 /Applications/MAMP/htdocs/diaLaravel/vendor/laravel/framework/src/Illuminate/Routing/Pipeline.php(32): call_user_func(Object(Closure), Object(Illuminate\Http\Request))
#38 [internal function]: Illuminate\Routing\Pipeline->Illuminate\Routing\{closure}(Object(Illuminate\Http\Request))
#39 /Applications/MAMP/htdocs/diaLaravel/vendor/laravel/framework/src/Illuminate/Pipeline/Pipeline.php(102): call_user_func(Object(Closure), Object(Illuminate\Http\Request))
#40 /Applications/MAMP/htdocs/diaLaravel/vendor/laravel/framework/src/Illuminate/Routing/Router.php(726): Illuminate\Pipeline\Pipeline->then(Object(Closure))
#41 /Applications/MAMP/htdocs/diaLaravel/vendor/laravel/framework/src/Illuminate/Routing/Router.php(699): Illuminate\Routing\Router->runRouteWithinStack(Object(Illuminate\Routing\Route), Object(Illuminate\Http\Request))
#42 /Applications/MAMP/htdocs/diaLaravel/vendor/laravel/framework/src/Illuminate/Routing/Router.php(675): Illuminate\Routing\Router->dispatchToRoute(Object(Illuminate\Http\Request))
#43 /Applications/MAMP/htdocs/diaLaravel/vendor/laravel/framework/src/Illuminate/Foundation/Http/Kernel.php(246): Illuminate\Routing\Router->dispatch(Object(Illuminate\Http\Request))
#44 [internal function]: Illuminate\Foundation\Http\Kernel->Illuminate\Foundation\Http\{closure}(Object(Illuminate\Http\Request))
#45 /Applications/MAMP/htdocs/diaLaravel/vendor/laravel/framework/src/Illuminate/Routing/Pipeline.php(52): call_user_func(Object(Closure), Object(Illuminate\Http\Request))
#46 /Applications/MAMP/htdocs/diaLaravel/vendor/laravel/framework/src/Illuminate/Foundation/Http/Middleware/CheckForMaintenanceMode.php(44): Illuminate\Routing\Pipeline->Illuminate\Routing\{closure}(Object(Illuminate\Http\Request))
#47 [internal function]: Illuminate\Foundation\Http\Middleware\CheckForMaintenanceMode->handle(Object(Illuminate\Http\Request), Object(Closure))
#48 /Applications/MAMP/htdocs/diaLaravel/vendor/laravel/framework/src/Illuminate/Pipeline/Pipeline.php(136): call_user_func_array(Array, Array)
#49 [internal function]: Illuminate\Pipeline\Pipeline->Illuminate\Pipeline\{closure}(Object(Illuminate\Http\Request))
#50 /Applications/MAMP/htdocs/diaLaravel/vendor/laravel/framework/src/Illuminate/Routing/Pipeline.php(32): call_user_func(Object(Closure), Object(Illuminate\Http\Request))
#51 [internal function]: Illuminate\Routing\Pipeline->Illuminate\Routing\{closure}(Object(Illuminate\Http\Request))
#52 /Applications/MAMP/htdocs/diaLaravel/vendor/laravel/framework/src/Illuminate/Pipeline/Pipeline.php(102): call_user_func(Object(Closure), Object(Illuminate\Http\Request))
#53 /Applications/MAMP/htdocs/diaLaravel/vendor/laravel/framework/src/Illuminate/Foundation/Http/Kernel.php(132): Illuminate\Pipeline\Pipeline->then(Object(Closure))
#54 /Applications/MAMP/htdocs/diaLaravel/vendor/laravel/framework/src/Illuminate/Foundation/Http/Kernel.php(99): Illuminate\Foundation\Http\Kernel->sendRequestThroughRouter(Object(Illuminate\Http\Request))
#55 /Applications/MAMP/htdocs/diaLaravel/public/index.php(53): Illuminate\Foundation\Http\Kernel->handle(Object(Illuminate\Http\Request))
#56 {main}

Next ErrorException: Route [kiss] not defined. (View: /Applications/MAMP/htdocs/diaLaravel/resources/views/home.blade.php) in /Applications/MAMP/htdocs/diaLaravel/vendor/laravel/framework/src/Illuminate/Routing/UrlGenerator.php:307
Stack trace:
#0 /Applications/MAMP/htdocs/diaLaravel/vendor/laravel/framework/src/Illuminate/View/Engines/PhpEngine.php(44): Illuminate\View\Engines\CompilerEngine->handleViewException(Object(InvalidArgumentException), 0)
#1 /Applications/MAMP/htdocs/diaLaravel/vendor/laravel/framework/src/Illuminate/View/Engines/CompilerEngine.php(59): Illuminate\View\Engines\PhpEngine->evaluatePath('/Applications/M...', Array)
#2 /Applications/MAMP/htdocs/diaLaravel/vendor/laravel/framework/src/Illuminate/View/View.php(149): Illuminate\View\Engines\CompilerEngine->get('/Applications/M...', Array)
#3 /Applications/MAMP/htdocs/diaLaravel/vendor/laravel/framework/src/Illuminate/View/View.php(120): Illuminate\View\View->getContents()
#4 /Applications/MAMP/htdocs/diaLaravel/vendor/laravel/framework/src/Illuminate/View/View.php(85): Illuminate\View\View->renderContents()
#5 /Applications/MAMP/htdocs/diaLaravel/vendor/laravel/framework/src/Illuminate/Http/Response.php(53): Illuminate\View\View->render()
#6 /Applications/MAMP/htdocs/diaLaravel/vendor/symfony/http-foundation/Response.php(199): Illuminate\Http\Response->setContent(Object(Illuminate\View\View))
#7 /Applications/MAMP/htdocs/diaLaravel/vendor/laravel/framework/src/Illuminate/Routing/Router.php(1087): Symfony\Component\HttpFoundation\Response->__construct(Object(Illuminate\View\View))
#8 /Applications/MAMP/htdocs/diaLaravel/vendor/laravel/framework/src/Illuminate/Routing/Router.php(724): Illuminate\Routing\Router->prepareResponse(Object(Illuminate\Http\Request), Object(Illuminate\View\View))
#9 [internal function]: Illuminate\Routing\Router->Illuminate\Routing\{closure}(Object(Illuminate\Http\Request))
#10 /Applications/MAMP/htdocs/diaLaravel/vendor/laravel/framework/src/Illuminate/Routing/Pipeline.php(52): call_user_func(Object(Closure), Object(Illuminate\Http\Request))
#11 /Applications/MAMP/htdocs/diaLaravel/vendor/laravel/framework/src/Illuminate/Foundation/Http/Middleware/VerifyCsrfToken.php(64): Illuminate\Routing\Pipeline->Illuminate\Routing\{closure}(Object(Illuminate\Http\Request))
#12 [internal function]: Illuminate\Foundation\Http\Middleware\VerifyCsrfToken->handle(Object(Illuminate\Http\Request), Object(Closure))
#13 /Applications/MAMP/htdocs/diaLaravel/vendor/laravel/framework/src/Illuminate/Pipeline/Pipeline.php(136): call_user_func_array(Array, Array)
#14 [internal function]: Illuminate\Pipeline\Pipeline->Illuminate\Pipeline\{closure}(Object(Illuminate\Http\Request))
#15 /Applications/MAMP/htdocs/diaLaravel/vendor/laravel/framework/src/Illuminate/Routing/Pipeline.php(32): call_user_func(Object(Closure), Object(Illuminate\Http\Request))
#16 /Applications/MAMP/htdocs/diaLaravel/vendor/laravel/framework/src/Illuminate/View/Middleware/ShareErrorsFromSession.php(49): Illuminate\Routing\Pipeline->Illuminate\Routing\{closure}(Object(Illuminate\Http\Request))
#17 [internal function]: Illuminate\View\Middleware\ShareErrorsFromSession->handle(Object(Illuminate\Http\Request), Object(Closure))
#18 /Applications/MAMP/htdocs/diaLaravel/vendor/laravel/framework/src/Illuminate/Pipeline/Pipeline.php(136): call_user_func_array(Array, Array)
#19 [internal function]: Illuminate\Pipeline\Pipeline->Illuminate\Pipeline\{closure}(Object(Illuminate\Http\Request))
#20 /Applications/MAMP/htdocs/diaLaravel/vendor/laravel/framework/src/Illuminate/Routing/Pipeline.php(32): call_user_func(Object(Closure), Object(Illuminate\Http\Request))
#21 /Applications/MAMP/htdocs/diaLaravel/vendor/laravel/framework/src/Illuminate/Session/Middleware/StartSession.php(62): Illuminate\Routing\Pipeline->Illuminate\Routing\{closure}(Object(Illuminate\Http\Request))
#22 [internal function]: Illuminate\Session\Middleware\StartSession->handle(Object(Illuminate\Http\Request), Object(Closure))
#23 /Applications/MAMP/htdocs/diaLaravel/vendor/laravel/framework/src/Illuminate/Pipeline/Pipeline.php(136): call_user_func_array(Array, Array)
#24 [internal function]: Illuminate\Pipeline\Pipeline->Illuminate\Pipeline\{closure}(Object(Illuminate\Http\Request))
#25 /Applications/MAMP/htdocs/diaLaravel/vendor/laravel/framework/src/Illuminate/Routing/Pipeline.php(32): call_user_func(Object(Closure), Object(Illuminate\Http\Request))
#26 /Applications/MAMP/htdocs/diaLaravel/vendor/laravel/framework/src/Illuminate/Cookie/Middleware/AddQueuedCookiesToResponse.php(37): Illuminate\Routing\Pipeline->Illuminate\Routing\{closure}(Object(Illuminate\Http\Request))
#27 [internal function]: Illuminate\Cookie\Middleware\AddQueuedCookiesToResponse->handle(Object(Illuminate\Http\Request), Object(Closure))
#28 /Applications/MAMP/htdocs/diaLaravel/vendor/laravel/framework/src/Illuminate/Pipeline/Pipeline.php(136): call_user_func_array(Array, Array)
#29 [internal function]: Illuminate\Pipeline\Pipeline->Illuminate\Pipeline\{closure}(Object(Illuminate\Http\Request))
#30 /Applications/MAMP/htdocs/diaLaravel/vendor/laravel/framework/src/Illuminate/Routing/Pipeline.php(32): call_user_func(Object(Closure), Object(Illuminate\Http\Request))
#31 /Applications/MAMP/htdocs/diaLaravel/vendor/laravel/framework/src/Illuminate/Cookie/Middleware/EncryptCookies.php(59): Illuminate\Routing\Pipeline->Illuminate\Routing\{closure}(Object(Illuminate\Http\Request))
#32 [internal function]: Illuminate\Cookie\Middleware\EncryptCookies->handle(Object(Illuminate\Http\Request), Object(Closure))
#33 /Applications/MAMP/htdocs/diaLaravel/vendor/laravel/framework/src/Illuminate/Pipeline/Pipeline.php(136): call_user_func_array(Array, Array)
#34 [internal function]: Illuminate\Pipeline\Pipeline->Illuminate\Pipeline\{closure}(Object(Illuminate\Http\Request))
#35 /Applications/MAMP/htdocs/diaLaravel/vendor/laravel/framework/src/Illuminate/Routing/Pipeline.php(32): call_user_func(Object(Closure), Object(Illuminate\Http\Request))
#36 [internal function]: Illuminate\Routing\Pipeline->Illuminate\Routing\{closure}(Object(Illuminate\Http\Request))
#37 /Applications/MAMP/htdocs/diaLaravel/vendor/laravel/framework/src/Illuminate/Pipeline/Pipeline.php(102): call_user_func(Object(Closure), Object(Illuminate\Http\Request))
#38 /Applications/MAMP/htdocs/diaLaravel/vendor/laravel/framework/src/Illuminate/Routing/Router.php(726): Illuminate\Pipeline\Pipeline->then(Object(Closure))
#39 /Applications/MAMP/htdocs/diaLaravel/vendor/laravel/framework/src/Illuminate/Routing/Router.php(699): Illuminate\Routing\Router->runRouteWithinStack(Object(Illuminate\Routing\Route), Object(Illuminate\Http\Request))
#40 /Applications/MAMP/htdocs/diaLaravel/vendor/laravel/framework/src/Illuminate/Routing/Router.php(675): Illuminate\Routing\Router->dispatchToRoute(Object(Illuminate\Http\Request))
#41 /Applications/MAMP/htdocs/diaLaravel/vendor/laravel/framework/src/Illuminate/Foundation/Http/Kernel.php(246): Illuminate\Routing\Router->dispatch(Object(Illuminate\Http\Request))
#42 [internal function]: Illuminate\Foundation\Http\Kernel->Illuminate\Foundation\Http\{closure}(Object(Illuminate\Http\Request))
#43 /Applications/MAMP/htdocs/diaLaravel/vendor/laravel/framework/src/Illuminate/Routing/Pipeline.php(52): call_user_func(Object(Closure), Object(Illuminate\Http\Request))
#44 /Applications/MAMP/htdocs/diaLaravel/vendor/laravel/framework/src/Illuminate/Foundation/Http/Middleware/CheckForMaintenanceMode.php(44): Illuminate\Routing\Pipeline->Illuminate\Routing\{closure}(Object(Illuminate\Http\Request))
#45 [internal function]: Illuminate\Foundation\Http\Middleware\CheckForMaintenanceMode->handle(Object(Illuminate\Http\Request), Object(Closure))
#46 /Applications/MAMP/htdocs/diaLaravel/vendor/laravel/framework/src/Illuminate/Pipeline/Pipeline.php(136): call_user_func_array(Array, Array)
#47 [internal function]: Illuminate\Pipeline\Pipeline->Illuminate\Pipeline\{closure}(Object(Illuminate\Http\Request))
#48 /Applications/MAMP/htdocs/diaLaravel/vendor/laravel/framework/src/Illuminate/Routing/Pipeline.php(32): call_user_func(Object(Closure), Object(Illuminate\Http\Request))
#49 [internal function]: Illuminate\Routing\Pipeline->Illuminate\Routing\{closure}(Object(Illuminate\Http\Request))
#50 /Applications/MAMP/htdocs/diaLaravel/vendor/laravel/framework/src/Illuminate/Pipeline/Pipeline.php(102): call_user_func(Object(Closure), Object(Illuminate\Http\Request))
#51 /Applications/MAMP/htdocs/diaLaravel/vendor/laravel/framework/src/Illuminate/Foundation/Http/Kernel.php(132): Illuminate\Pipeline\Pipeline->then(Object(Closure))
#52 /Applications/MAMP/htdocs/diaLaravel/vendor/laravel/framework/src/Illuminate/Foundation/Http/Kernel.php(99): Illuminate\Foundation\Http\Kernel->sendRequestThroughRouter(Object(Illuminate\Http\Request))
#53 /Applications/MAMP/htdocs/diaLaravel/public/index.php(53): Illuminate\Foundation\Http\Kernel->handle(Object(Illuminate\Http\Request))
#54 {main}  
[2016-05-19 05:10:37] local.ERROR: InvalidArgumentException: Route [kiss] not defined. in /Applications/MAMP/htdocs/diaLaravel/vendor/laravel/framework/src/Illuminate/Routing/UrlGenerator.php:307
Stack trace:
#0 /Applications/MAMP/htdocs/diaLaravel/vendor/laravel/framework/src/Illuminate/Foundation/helpers.php(619): Illuminate\Routing\UrlGenerator->route('kiss', Array, true)
#1 /Applications/MAMP/htdocs/diaLaravel/storage/framework/views/771911041978f23422b99281c2c343a7173992fc.php(11): route('kiss')
#2 /Applications/MAMP/htdocs/diaLaravel/vendor/laravel/framework/src/Illuminate/View/Engines/PhpEngine.php(42): include('/Applications/M...')
#3 /Applications/MAMP/htdocs/diaLaravel/vendor/laravel/framework/src/Illuminate/View/Engines/CompilerEngine.php(59): Illuminate\View\Engines\PhpEngine->evaluatePath('/Applications/M...', Array)
#4 /Applications/MAMP/htdocs/diaLaravel/vendor/laravel/framework/src/Illuminate/View/View.php(149): Illuminate\View\Engines\CompilerEngine->get('/Applications/M...', Array)
#5 /Applications/MAMP/htdocs/diaLaravel/vendor/laravel/framework/src/Illuminate/View/View.php(120): Illuminate\View\View->getContents()
#6 /Applications/MAMP/htdocs/diaLaravel/vendor/laravel/framework/src/Illuminate/View/View.php(85): Illuminate\View\View->renderContents()
#7 /Applications/MAMP/htdocs/diaLaravel/vendor/laravel/framework/src/Illuminate/Http/Response.php(53): Illuminate\View\View->render()
#8 /Applications/MAMP/htdocs/diaLaravel/vendor/symfony/http-foundation/Response.php(199): Illuminate\Http\Response->setContent(Object(Illuminate\View\View))
#9 /Applications/MAMP/htdocs/diaLaravel/vendor/laravel/framework/src/Illuminate/Routing/Router.php(1087): Symfony\Component\HttpFoundation\Response->__construct(Object(Illuminate\View\View))
#10 /Applications/MAMP/htdocs/diaLaravel/vendor/laravel/framework/src/Illuminate/Routing/Router.php(724): Illuminate\Routing\Router->prepareResponse(Object(Illuminate\Http\Request), Object(Illuminate\View\View))
#11 [internal function]: Illuminate\Routing\Router->Illuminate\Routing\{closure}(Object(Illuminate\Http\Request))
#12 /Applications/MAMP/htdocs/diaLaravel/vendor/laravel/framework/src/Illuminate/Routing/Pipeline.php(52): call_user_func(Object(Closure), Object(Illuminate\Http\Request))
#13 /Applications/MAMP/htdocs/diaLaravel/vendor/laravel/framework/src/Illuminate/Foundation/Http/Middleware/VerifyCsrfToken.php(64): Illuminate\Routing\Pipeline->Illuminate\Routing\{closure}(Object(Illuminate\Http\Request))
#14 [internal function]: Illuminate\Foundation\Http\Middleware\VerifyCsrfToken->handle(Object(Illuminate\Http\Request), Object(Closure))
#15 /Applications/MAMP/htdocs/diaLaravel/vendor/laravel/framework/src/Illuminate/Pipeline/Pipeline.php(136): call_user_func_array(Array, Array)
#16 [internal function]: Illuminate\Pipeline\Pipeline->Illuminate\Pipeline\{closure}(Object(Illuminate\Http\Request))
#17 /Applications/MAMP/htdocs/diaLaravel/vendor/laravel/framework/src/Illuminate/Routing/Pipeline.php(32): call_user_func(Object(Closure), Object(Illuminate\Http\Request))
#18 /Applications/MAMP/htdocs/diaLaravel/vendor/laravel/framework/src/Illuminate/View/Middleware/ShareErrorsFromSession.php(49): Illuminate\Routing\Pipeline->Illuminate\Routing\{closure}(Object(Illuminate\Http\Request))
#19 [internal function]: Illuminate\View\Middleware\ShareErrorsFromSession->handle(Object(Illuminate\Http\Request), Object(Closure))
#20 /Applications/MAMP/htdocs/diaLaravel/vendor/laravel/framework/src/Illuminate/Pipeline/Pipeline.php(136): call_user_func_array(Array, Array)
#21 [internal function]: Illuminate\Pipeline\Pipeline->Illuminate\Pipeline\{closure}(Object(Illuminate\Http\Request))
#22 /Applications/MAMP/htdocs/diaLaravel/vendor/laravel/framework/src/Illuminate/Routing/Pipeline.php(32): call_user_func(Object(Closure), Object(Illuminate\Http\Request))
#23 /Applications/MAMP/htdocs/diaLaravel/vendor/laravel/framework/src/Illuminate/Session/Middleware/StartSession.php(62): Illuminate\Routing\Pipeline->Illuminate\Routing\{closure}(Object(Illuminate\Http\Request))
#24 [internal function]: Illuminate\Session\Middleware\StartSession->handle(Object(Illuminate\Http\Request), Object(Closure))
#25 /Applications/MAMP/htdocs/diaLaravel/vendor/laravel/framework/src/Illuminate/Pipeline/Pipeline.php(136): call_user_func_array(Array, Array)
#26 [internal function]: Illuminate\Pipeline\Pipeline->Illuminate\Pipeline\{closure}(Object(Illuminate\Http\Request))
#27 /Applications/MAMP/htdocs/diaLaravel/vendor/laravel/framework/src/Illuminate/Routing/Pipeline.php(32): call_user_func(Object(Closure), Object(Illuminate\Http\Request))
#28 /Applications/MAMP/htdocs/diaLaravel/vendor/laravel/framework/src/Illuminate/Cookie/Middleware/AddQueuedCookiesToResponse.php(37): Illuminate\Routing\Pipeline->Illuminate\Routing\{closure}(Object(Illuminate\Http\Request))
#29 [internal function]: Illuminate\Cookie\Middleware\AddQueuedCookiesToResponse->handle(Object(Illuminate\Http\Request), Object(Closure))
#30 /Applications/MAMP/htdocs/diaLaravel/vendor/laravel/framework/src/Illuminate/Pipeline/Pipeline.php(136): call_user_func_array(Array, Array)
#31 [internal function]: Illuminate\Pipeline\Pipeline->Illuminate\Pipeline\{closure}(Object(Illuminate\Http\Request))
#32 /Applications/MAMP/htdocs/diaLaravel/vendor/laravel/framework/src/Illuminate/Routing/Pipeline.php(32): call_user_func(Object(Closure), Object(Illuminate\Http\Request))
#33 /Applications/MAMP/htdocs/diaLaravel/vendor/laravel/framework/src/Illuminate/Cookie/Middleware/EncryptCookies.php(59): Illuminate\Routing\Pipeline->Illuminate\Routing\{closure}(Object(Illuminate\Http\Request))
#34 [internal function]: Illuminate\Cookie\Middleware\EncryptCookies->handle(Object(Illuminate\Http\Request), Object(Closure))
#35 /Applications/MAMP/htdocs/diaLaravel/vendor/laravel/framework/src/Illuminate/Pipeline/Pipeline.php(136): call_user_func_array(Array, Array)
#36 [internal function]: Illuminate\Pipeline\Pipeline->Illuminate\Pipeline\{closure}(Object(Illuminate\Http\Request))
#37 /Applications/MAMP/htdocs/diaLaravel/vendor/laravel/framework/src/Illuminate/Routing/Pipeline.php(32): call_user_func(Object(Closure), Object(Illuminate\Http\Request))
#38 [internal function]: Illuminate\Routing\Pipeline->Illuminate\Routing\{closure}(Object(Illuminate\Http\Request))
#39 /Applications/MAMP/htdocs/diaLaravel/vendor/laravel/framework/src/Illuminate/Pipeline/Pipeline.php(102): call_user_func(Object(Closure), Object(Illuminate\Http\Request))
#40 /Applications/MAMP/htdocs/diaLaravel/vendor/laravel/framework/src/Illuminate/Routing/Router.php(726): Illuminate\Pipeline\Pipeline->then(Object(Closure))
#41 /Applications/MAMP/htdocs/diaLaravel/vendor/laravel/framework/src/Illuminate/Routing/Router.php(699): Illuminate\Routing\Router->runRouteWithinStack(Object(Illuminate\Routing\Route), Object(Illuminate\Http\Request))
#42 /Applications/MAMP/htdocs/diaLaravel/vendor/laravel/framework/src/Illuminate/Routing/Router.php(675): Illuminate\Routing\Router->dispatchToRoute(Object(Illuminate\Http\Request))
#43 /Applications/MAMP/htdocs/diaLaravel/vendor/laravel/framework/src/Illuminate/Foundation/Http/Kernel.php(246): Illuminate\Routing\Router->dispatch(Object(Illuminate\Http\Request))
#44 [internal function]: Illuminate\Foundation\Http\Kernel->Illuminate\Foundation\Http\{closure}(Object(Illuminate\Http\Request))
#45 /Applications/MAMP/htdocs/diaLaravel/vendor/laravel/framework/src/Illuminate/Routing/Pipeline.php(52): call_user_func(Object(Closure), Object(Illuminate\Http\Request))
#46 /Applications/MAMP/htdocs/diaLaravel/vendor/laravel/framework/src/Illuminate/Foundation/Http/Middleware/CheckForMaintenanceMode.php(44): Illuminate\Routing\Pipeline->Illuminate\Routing\{closure}(Object(Illuminate\Http\Request))
#47 [internal function]: Illuminate\Foundation\Http\Middleware\CheckForMaintenanceMode->handle(Object(Illuminate\Http\Request), Object(Closure))
#48 /Applications/MAMP/htdocs/diaLaravel/vendor/laravel/framework/src/Illuminate/Pipeline/Pipeline.php(136): call_user_func_array(Array, Array)
#49 [internal function]: Illuminate\Pipeline\Pipeline->Illuminate\Pipeline\{closure}(Object(Illuminate\Http\Request))
#50 /Applications/MAMP/htdocs/diaLaravel/vendor/laravel/framework/src/Illuminate/Routing/Pipeline.php(32): call_user_func(Object(Closure), Object(Illuminate\Http\Request))
#51 [internal function]: Illuminate\Routing\Pipeline->Illuminate\Routing\{closure}(Object(Illuminate\Http\Request))
#52 /Applications/MAMP/htdocs/diaLaravel/vendor/laravel/framework/src/Illuminate/Pipeline/Pipeline.php(102): call_user_func(Object(Closure), Object(Illuminate\Http\Request))
#53 /Applications/MAMP/htdocs/diaLaravel/vendor/laravel/framework/src/Illuminate/Foundation/Http/Kernel.php(132): Illuminate\Pipeline\Pipeline->then(Object(Closure))
#54 /Applications/MAMP/htdocs/diaLaravel/vendor/laravel/framework/src/Illuminate/Foundation/Http/Kernel.php(99): Illuminate\Foundation\Http\Kernel->sendRequestThroughRouter(Object(Illuminate\Http\Request))
#55 /Applications/MAMP/htdocs/diaLaravel/public/index.php(53): Illuminate\Foundation\Http\Kernel->handle(Object(Illuminate\Http\Request))
#56 {main}

Next ErrorException: Route [kiss] not defined. (View: /Applications/MAMP/htdocs/diaLaravel/resources/views/home.blade.php) in /Applications/MAMP/htdocs/diaLaravel/vendor/laravel/framework/src/Illuminate/Routing/UrlGenerator.php:307
Stack trace:
#0 /Applications/MAMP/htdocs/diaLaravel/vendor/laravel/framework/src/Illuminate/View/Engines/PhpEngine.php(44): Illuminate\View\Engines\CompilerEngine->handleViewException(Object(InvalidArgumentException), 0)
#1 /Applications/MAMP/htdocs/diaLaravel/vendor/laravel/framework/src/Illuminate/View/Engines/CompilerEngine.php(59): Illuminate\View\Engines\PhpEngine->evaluatePath('/Applications/M...', Array)
#2 /Applications/MAMP/htdocs/diaLaravel/vendor/laravel/framework/src/Illuminate/View/View.php(149): Illuminate\View\Engines\CompilerEngine->get('/Applications/M...', Array)
#3 /Applications/MAMP/htdocs/diaLaravel/vendor/laravel/framework/src/Illuminate/View/View.php(120): Illuminate\View\View->getContents()
#4 /Applications/MAMP/htdocs/diaLaravel/vendor/laravel/framework/src/Illuminate/View/View.php(85): Illuminate\View\View->renderContents()
#5 /Applications/MAMP/htdocs/diaLaravel/vendor/laravel/framework/src/Illuminate/Http/Response.php(53): Illuminate\View\View->render()
#6 /Applications/MAMP/htdocs/diaLaravel/vendor/symfony/http-foundation/Response.php(199): Illuminate\Http\Response->setContent(Object(Illuminate\View\View))
#7 /Applications/MAMP/htdocs/diaLaravel/vendor/laravel/framework/src/Illuminate/Routing/Router.php(1087): Symfony\Component\HttpFoundation\Response->__construct(Object(Illuminate\View\View))
#8 /Applications/MAMP/htdocs/diaLaravel/vendor/laravel/framework/src/Illuminate/Routing/Router.php(724): Illuminate\Routing\Router->prepareResponse(Object(Illuminate\Http\Request), Object(Illuminate\View\View))
#9 [internal function]: Illuminate\Routing\Router->Illuminate\Routing\{closure}(Object(Illuminate\Http\Request))
#10 /Applications/MAMP/htdocs/diaLaravel/vendor/laravel/framework/src/Illuminate/Routing/Pipeline.php(52): call_user_func(Object(Closure), Object(Illuminate\Http\Request))
#11 /Applications/MAMP/htdocs/diaLaravel/vendor/laravel/framework/src/Illuminate/Foundation/Http/Middleware/VerifyCsrfToken.php(64): Illuminate\Routing\Pipeline->Illuminate\Routing\{closure}(Object(Illuminate\Http\Request))
#12 [internal function]: Illuminate\Foundation\Http\Middleware\VerifyCsrfToken->handle(Object(Illuminate\Http\Request), Object(Closure))
#13 /Applications/MAMP/htdocs/diaLaravel/vendor/laravel/framework/src/Illuminate/Pipeline/Pipeline.php(136): call_user_func_array(Array, Array)
#14 [internal function]: Illuminate\Pipeline\Pipeline->Illuminate\Pipeline\{closure}(Object(Illuminate\Http\Request))
#15 /Applications/MAMP/htdocs/diaLaravel/vendor/laravel/framework/src/Illuminate/Routing/Pipeline.php(32): call_user_func(Object(Closure), Object(Illuminate\Http\Request))
#16 /Applications/MAMP/htdocs/diaLaravel/vendor/laravel/framework/src/Illuminate/View/Middleware/ShareErrorsFromSession.php(49): Illuminate\Routing\Pipeline->Illuminate\Routing\{closure}(Object(Illuminate\Http\Request))
#17 [internal function]: Illuminate\View\Middleware\ShareErrorsFromSession->handle(Object(Illuminate\Http\Request), Object(Closure))
#18 /Applications/MAMP/htdocs/diaLaravel/vendor/laravel/framework/src/Illuminate/Pipeline/Pipeline.php(136): call_user_func_array(Array, Array)
#19 [internal function]: Illuminate\Pipeline\Pipeline->Illuminate\Pipeline\{closure}(Object(Illuminate\Http\Request))
#20 /Applications/MAMP/htdocs/diaLaravel/vendor/laravel/framework/src/Illuminate/Routing/Pipeline.php(32): call_user_func(Object(Closure), Object(Illuminate\Http\Request))
#21 /Applications/MAMP/htdocs/diaLaravel/vendor/laravel/framework/src/Illuminate/Session/Middleware/StartSession.php(62): Illuminate\Routing\Pipeline->Illuminate\Routing\{closure}(Object(Illuminate\Http\Request))
#22 [internal function]: Illuminate\Session\Middleware\StartSession->handle(Object(Illuminate\Http\Request), Object(Closure))
#23 /Applications/MAMP/htdocs/diaLaravel/vendor/laravel/framework/src/Illuminate/Pipeline/Pipeline.php(136): call_user_func_array(Array, Array)
#24 [internal function]: Illuminate\Pipeline\Pipeline->Illuminate\Pipeline\{closure}(Object(Illuminate\Http\Request))
#25 /Applications/MAMP/htdocs/diaLaravel/vendor/laravel/framework/src/Illuminate/Routing/Pipeline.php(32): call_user_func(Object(Closure), Object(Illuminate\Http\Request))
#26 /Applications/MAMP/htdocs/diaLaravel/vendor/laravel/framework/src/Illuminate/Cookie/Middleware/AddQueuedCookiesToResponse.php(37): Illuminate\Routing\Pipeline->Illuminate\Routing\{closure}(Object(Illuminate\Http\Request))
#27 [internal function]: Illuminate\Cookie\Middleware\AddQueuedCookiesToResponse->handle(Object(Illuminate\Http\Request), Object(Closure))
#28 /Applications/MAMP/htdocs/diaLaravel/vendor/laravel/framework/src/Illuminate/Pipeline/Pipeline.php(136): call_user_func_array(Array, Array)
#29 [internal function]: Illuminate\Pipeline\Pipeline->Illuminate\Pipeline\{closure}(Object(Illuminate\Http\Request))
#30 /Applications/MAMP/htdocs/diaLaravel/vendor/laravel/framework/src/Illuminate/Routing/Pipeline.php(32): call_user_func(Object(Closure), Object(Illuminate\Http\Request))
#31 /Applications/MAMP/htdocs/diaLaravel/vendor/laravel/framework/src/Illuminate/Cookie/Middleware/EncryptCookies.php(59): Illuminate\Routing\Pipeline->Illuminate\Routing\{closure}(Object(Illuminate\Http\Request))
#32 [internal function]: Illuminate\Cookie\Middleware\EncryptCookies->handle(Object(Illuminate\Http\Request), Object(Closure))
#33 /Applications/MAMP/htdocs/diaLaravel/vendor/laravel/framework/src/Illuminate/Pipeline/Pipeline.php(136): call_user_func_array(Array, Array)
#34 [internal function]: Illuminate\Pipeline\Pipeline->Illuminate\Pipeline\{closure}(Object(Illuminate\Http\Request))
#35 /Applications/MAMP/htdocs/diaLaravel/vendor/laravel/framework/src/Illuminate/Routing/Pipeline.php(32): call_user_func(Object(Closure), Object(Illuminate\Http\Request))
#36 [internal function]: Illuminate\Routing\Pipeline->Illuminate\Routing\{closure}(Object(Illuminate\Http\Request))
#37 /Applications/MAMP/htdocs/diaLaravel/vendor/laravel/framework/src/Illuminate/Pipeline/Pipeline.php(102): call_user_func(Object(Closure), Object(Illuminate\Http\Request))
#38 /Applications/MAMP/htdocs/diaLaravel/vendor/laravel/framework/src/Illuminate/Routing/Router.php(726): Illuminate\Pipeline\Pipeline->then(Object(Closure))
#39 /Applications/MAMP/htdocs/diaLaravel/vendor/laravel/framework/src/Illuminate/Routing/Router.php(699): Illuminate\Routing\Router->runRouteWithinStack(Object(Illuminate\Routing\Route), Object(Illuminate\Http\Request))
#40 /Applications/MAMP/htdocs/diaLaravel/vendor/laravel/framework/src/Illuminate/Routing/Router.php(675): Illuminate\Routing\Router->dispatchToRoute(Object(Illuminate\Http\Request))
#41 /Applications/MAMP/htdocs/diaLaravel/vendor/laravel/framework/src/Illuminate/Foundation/Http/Kernel.php(246): Illuminate\Routing\Router->dispatch(Object(Illuminate\Http\Request))
#42 [internal function]: Illuminate\Foundation\Http\Kernel->Illuminate\Foundation\Http\{closure}(Object(Illuminate\Http\Request))
#43 /Applications/MAMP/htdocs/diaLaravel/vendor/laravel/framework/src/Illuminate/Routing/Pipeline.php(52): call_user_func(Object(Closure), Object(Illuminate\Http\Request))
#44 /Applications/MAMP/htdocs/diaLaravel/vendor/laravel/framework/src/Illuminate/Foundation/Http/Middleware/CheckForMaintenanceMode.php(44): Illuminate\Routing\Pipeline->Illuminate\Routing\{closure}(Object(Illuminate\Http\Request))
#45 [internal function]: Illuminate\Foundation\Http\Middleware\CheckForMaintenanceMode->handle(Object(Illuminate\Http\Request), Object(Closure))
#46 /Applications/MAMP/htdocs/diaLaravel/vendor/laravel/framework/src/Illuminate/Pipeline/Pipeline.php(136): call_user_func_array(Array, Array)
#47 [internal function]: Illuminate\Pipeline\Pipeline->Illuminate\Pipeline\{closure}(Object(Illuminate\Http\Request))
#48 /Applications/MAMP/htdocs/diaLaravel/vendor/laravel/framework/src/Illuminate/Routing/Pipeline.php(32): call_user_func(Object(Closure), Object(Illuminate\Http\Request))
#49 [internal function]: Illuminate\Routing\Pipeline->Illuminate\Routing\{closure}(Object(Illuminate\Http\Request))
#50 /Applications/MAMP/htdocs/diaLaravel/vendor/laravel/framework/src/Illuminate/Pipeline/Pipeline.php(102): call_user_func(Object(Closure), Object(Illuminate\Http\Request))
#51 /Applications/MAMP/htdocs/diaLaravel/vendor/laravel/framework/src/Illuminate/Foundation/Http/Kernel.php(132): Illuminate\Pipeline\Pipeline->then(Object(Closure))
#52 /Applications/MAMP/htdocs/diaLaravel/vendor/laravel/framework/src/Illuminate/Foundation/Http/Kernel.php(99): Illuminate\Foundation\Http\Kernel->sendRequestThroughRouter(Object(Illuminate\Http\Request))
#53 /Applications/MAMP/htdocs/diaLaravel/public/index.php(53): Illuminate\Foundation\Http\Kernel->handle(Object(Illuminate\Http\Request))
#54 {main}  
[2016-05-19 05:29:34] local.ERROR: Symfony\Component\Debug\Exception\FatalThrowableError: Parse error: syntax error, unexpected '=>' (T_DOUBLE_ARROW), expecting ',' or ')' in /Applications/MAMP/htdocs/diaLaravel/app/Http/routes.php:20
Stack trace:
#0 [internal function]: App\Providers\RouteServiceProvider->App\Providers\{closure}(Object(Illuminate\Routing\Router))
#1 /Applications/MAMP/htdocs/diaLaravel/vendor/laravel/framework/src/Illuminate/Routing/Router.php(398): call_user_func(Object(Closure), Object(Illuminate\Routing\Router))
#2 /Applications/MAMP/htdocs/diaLaravel/app/Providers/RouteServiceProvider.php(59): Illuminate\Routing\Router->group(Array, Object(Closure))
#3 /Applications/MAMP/htdocs/diaLaravel/app/Providers/RouteServiceProvider.php(40): App\Providers\RouteServiceProvider->mapWebRoutes(Object(Illuminate\Routing\Router))
#4 [internal function]: App\Providers\RouteServiceProvider->map(Object(Illuminate\Routing\Router))
#5 /Applications/MAMP/htdocs/diaLaravel/vendor/laravel/framework/src/Illuminate/Container/Container.php(507): call_user_func_array(Array, Array)
#6 /Applications/MAMP/htdocs/diaLaravel/vendor/laravel/framework/src/Illuminate/Foundation/Support/Providers/RouteServiceProvider.php(72): Illuminate\Container\Container->call(Array)
#7 /Applications/MAMP/htdocs/diaLaravel/vendor/laravel/framework/src/Illuminate/Foundation/Support/Providers/RouteServiceProvider.php(31): Illuminate\Foundation\Support\Providers\RouteServiceProvider->loadRoutes()
#8 /Applications/MAMP/htdocs/diaLaravel/app/Providers/RouteServiceProvider.php(29): Illuminate\Foundation\Support\Providers\RouteServiceProvider->boot(Object(Illuminate\Routing\Router))
#9 [internal function]: App\Providers\RouteServiceProvider->boot(Object(Illuminate\Routing\Router))
#10 /Applications/MAMP/htdocs/diaLaravel/vendor/laravel/framework/src/Illuminate/Container/Container.php(507): call_user_func_array(Array, Array)
#11 /Applications/MAMP/htdocs/diaLaravel/vendor/laravel/framework/src/Illuminate/Foundation/Application.php(757): Illuminate\Container\Container->call(Array)
#12 /Applications/MAMP/htdocs/diaLaravel/vendor/laravel/framework/src/Illuminate/Foundation/Application.php(740): Illuminate\Foundation\Application->bootProvider(Object(App\Providers\RouteServiceProvider))
#13 [internal function]: Illuminate\Foundation\Application->Illuminate\Foundation\{closure}(Object(App\Providers\RouteServiceProvider), 14)
#14 /Applications/MAMP/htdocs/diaLaravel/vendor/laravel/framework/src/Illuminate/Foundation/Application.php(741): array_walk(Array, Object(Closure))
#15 /Applications/MAMP/htdocs/diaLaravel/vendor/laravel/framework/src/Illuminate/Foundation/Bootstrap/BootProviders.php(17): Illuminate\Foundation\Application->boot()
#16 /Applications/MAMP/htdocs/diaLaravel/vendor/laravel/framework/src/Illuminate/Foundation/Application.php(203): Illuminate\Foundation\Bootstrap\BootProviders->bootstrap(Object(Illuminate\Foundation\Application))
#17 /Applications/MAMP/htdocs/diaLaravel/vendor/laravel/framework/src/Illuminate/Foundation/Http/Kernel.php(232): Illuminate\Foundation\Application->bootstrapWith(Array)
#18 /Applications/MAMP/htdocs/diaLaravel/vendor/laravel/framework/src/Illuminate/Foundation/Http/Kernel.php(127): Illuminate\Foundation\Http\Kernel->bootstrap()
#19 /Applications/MAMP/htdocs/diaLaravel/vendor/laravel/framework/src/Illuminate/Foundation/Http/Kernel.php(99): Illuminate\Foundation\Http\Kernel->sendRequestThroughRouter(Object(Illuminate\Http\Request))
#20 /Applications/MAMP/htdocs/diaLaravel/public/index.php(53): Illuminate\Foundation\Http\Kernel->handle(Object(Illuminate\Http\Request))
#21 {main}  
[2016-05-19 05:30:01] local.ERROR: Symfony\Component\Debug\Exception\FatalThrowableError: Parse error: syntax error, unexpected '=>' (T_DOUBLE_ARROW), expecting ',' or ')' in /Applications/MAMP/htdocs/diaLaravel/app/Http/routes.php:20
Stack trace:
#0 [internal function]: App\Providers\RouteServiceProvider->App\Providers\{closure}(Object(Illuminate\Routing\Router))
#1 /Applications/MAMP/htdocs/diaLaravel/vendor/laravel/framework/src/Illuminate/Routing/Router.php(398): call_user_func(Object(Closure), Object(Illuminate\Routing\Router))
#2 /Applications/MAMP/htdocs/diaLaravel/app/Providers/RouteServiceProvider.php(59): Illuminate\Routing\Router->group(Array, Object(Closure))
#3 /Applications/MAMP/htdocs/diaLaravel/app/Providers/RouteServiceProvider.php(40): App\Providers\RouteServiceProvider->mapWebRoutes(Object(Illuminate\Routing\Router))
#4 [internal function]: App\Providers\RouteServiceProvider->map(Object(Illuminate\Routing\Router))
#5 /Applications/MAMP/htdocs/diaLaravel/vendor/laravel/framework/src/Illuminate/Container/Container.php(507): call_user_func_array(Array, Array)
#6 /Applications/MAMP/htdocs/diaLaravel/vendor/laravel/framework/src/Illuminate/Foundation/Support/Providers/RouteServiceProvider.php(72): Illuminate\Container\Container->call(Array)
#7 /Applications/MAMP/htdocs/diaLaravel/vendor/laravel/framework/src/Illuminate/Foundation/Support/Providers/RouteServiceProvider.php(31): Illuminate\Foundation\Support\Providers\RouteServiceProvider->loadRoutes()
#8 /Applications/MAMP/htdocs/diaLaravel/app/Providers/RouteServiceProvider.php(29): Illuminate\Foundation\Support\Providers\RouteServiceProvider->boot(Object(Illuminate\Routing\Router))
#9 [internal function]: App\Providers\RouteServiceProvider->boot(Object(Illuminate\Routing\Router))
#10 /Applications/MAMP/htdocs/diaLaravel/vendor/laravel/framework/src/Illuminate/Container/Container.php(507): call_user_func_array(Array, Array)
#11 /Applications/MAMP/htdocs/diaLaravel/vendor/laravel/framework/src/Illuminate/Foundation/Application.php(757): Illuminate\Container\Container->call(Array)
#12 /Applications/MAMP/htdocs/diaLaravel/vendor/laravel/framework/src/Illuminate/Foundation/Application.php(740): Illuminate\Foundation\Application->bootProvider(Object(App\Providers\RouteServiceProvider))
#13 [internal function]: Illuminate\Foundation\Application->Illuminate\Foundation\{closure}(Object(App\Providers\RouteServiceProvider), 14)
#14 /Applications/MAMP/htdocs/diaLaravel/vendor/laravel/framework/src/Illuminate/Foundation/Application.php(741): array_walk(Array, Object(Closure))
#15 /Applications/MAMP/htdocs/diaLaravel/vendor/laravel/framework/src/Illuminate/Foundation/Bootstrap/BootProviders.php(17): Illuminate\Foundation\Application->boot()
#16 /Applications/MAMP/htdocs/diaLaravel/vendor/laravel/framework/src/Illuminate/Foundation/Application.php(203): Illuminate\Foundation\Bootstrap\BootProviders->bootstrap(Object(Illuminate\Foundation\Application))
#17 /Applications/MAMP/htdocs/diaLaravel/vendor/laravel/framework/src/Illuminate/Foundation/Http/Kernel.php(232): Illuminate\Foundation\Application->bootstrapWith(Array)
#18 /Applications/MAMP/htdocs/diaLaravel/vendor/laravel/framework/src/Illuminate/Foundation/Http/Kernel.php(127): Illuminate\Foundation\Http\Kernel->bootstrap()
#19 /Applications/MAMP/htdocs/diaLaravel/vendor/laravel/framework/src/Illuminate/Foundation/Http/Kernel.php(99): Illuminate\Foundation\Http\Kernel->sendRequestThroughRouter(Object(Illuminate\Http\Request))
#20 /Applications/MAMP/htdocs/diaLaravel/public/index.php(53): Illuminate\Foundation\Http\Kernel->handle(Object(Illuminate\Http\Request))
#21 {main}  
[2016-05-19 05:30:27] local.ERROR: ErrorException: Trying to get property of non-object in /Applications/MAMP/htdocs/diaLaravel/app/Http/routes.php:20
Stack trace:
#0 /Applications/MAMP/htdocs/diaLaravel/app/Http/routes.php(20): Illuminate\Foundation\Bootstrap\HandleExceptions->handleError(8, 'Trying to get p...', '/Applications/M...', 20, Array)
#1 [internal function]: App\Providers\RouteServiceProvider->{closure}('k')
#2 /Applications/MAMP/htdocs/diaLaravel/vendor/laravel/framework/src/Illuminate/Routing/Route.php(158): call_user_func_array(Object(Closure), Array)
#3 /Applications/MAMP/htdocs/diaLaravel/vendor/laravel/framework/src/Illuminate/Routing/Route.php(137): Illuminate\Routing\Route->runCallable(Object(Illuminate\Http\Request))
#4 /Applications/MAMP/htdocs/diaLaravel/vendor/laravel/framework/src/Illuminate/Routing/Router.php(724): Illuminate\Routing\Route->run(Object(Illuminate\Http\Request))
#5 [internal function]: Illuminate\Routing\Router->Illuminate\Routing\{closure}(Object(Illuminate\Http\Request))
#6 /Applications/MAMP/htdocs/diaLaravel/vendor/laravel/framework/src/Illuminate/Routing/Pipeline.php(52): call_user_func(Object(Closure), Object(Illuminate\Http\Request))
#7 /Applications/MAMP/htdocs/diaLaravel/vendor/laravel/framework/src/Illuminate/Foundation/Http/Middleware/VerifyCsrfToken.php(64): Illuminate\Routing\Pipeline->Illuminate\Routing\{closure}(Object(Illuminate\Http\Request))
#8 [internal function]: Illuminate\Foundation\Http\Middleware\VerifyCsrfToken->handle(Object(Illuminate\Http\Request), Object(Closure))
#9 /Applications/MAMP/htdocs/diaLaravel/vendor/laravel/framework/src/Illuminate/Pipeline/Pipeline.php(136): call_user_func_array(Array, Array)
#10 [internal function]: Illuminate\Pipeline\Pipeline->Illuminate\Pipeline\{closure}(Object(Illuminate\Http\Request))
#11 /Applications/MAMP/htdocs/diaLaravel/vendor/laravel/framework/src/Illuminate/Routing/Pipeline.php(32): call_user_func(Object(Closure), Object(Illuminate\Http\Request))
#12 /Applications/MAMP/htdocs/diaLaravel/vendor/laravel/framework/src/Illuminate/View/Middleware/ShareErrorsFromSession.php(49): Illuminate\Routing\Pipeline->Illuminate\Routing\{closure}(Object(Illuminate\Http\Request))
#13 [internal function]: Illuminate\View\Middleware\ShareErrorsFromSession->handle(Object(Illuminate\Http\Request), Object(Closure))
#14 /Applications/MAMP/htdocs/diaLaravel/vendor/laravel/framework/src/Illuminate/Pipeline/Pipeline.php(136): call_user_func_array(Array, Array)
#15 [internal function]: Illuminate\Pipeline\Pipeline->Illuminate\Pipeline\{closure}(Object(Illuminate\Http\Request))
#16 /Applications/MAMP/htdocs/diaLaravel/vendor/laravel/framework/src/Illuminate/Routing/Pipeline.php(32): call_user_func(Object(Closure), Object(Illuminate\Http\Request))
#17 /Applications/MAMP/htdocs/diaLaravel/vendor/laravel/framework/src/Illuminate/Session/Middleware/StartSession.php(62): Illuminate\Routing\Pipeline->Illuminate\Routing\{closure}(Object(Illuminate\Http\Request))
#18 [internal function]: Illuminate\Session\Middleware\StartSession->handle(Object(Illuminate\Http\Request), Object(Closure))
#19 /Applications/MAMP/htdocs/diaLaravel/vendor/laravel/framework/src/Illuminate/Pipeline/Pipeline.php(136): call_user_func_array(Array, Array)
#20 [internal function]: Illuminate\Pipeline\Pipeline->Illuminate\Pipeline\{closure}(Object(Illuminate\Http\Request))
#21 /Applications/MAMP/htdocs/diaLaravel/vendor/laravel/framework/src/Illuminate/Routing/Pipeline.php(32): call_user_func(Object(Closure), Object(Illuminate\Http\Request))
#22 /Applications/MAMP/htdocs/diaLaravel/vendor/laravel/framework/src/Illuminate/Cookie/Middleware/AddQueuedCookiesToResponse.php(37): Illuminate\Routing\Pipeline->Illuminate\Routing\{closure}(Object(Illuminate\Http\Request))
#23 [internal function]: Illuminate\Cookie\Middleware\AddQueuedCookiesToResponse->handle(Object(Illuminate\Http\Request), Object(Closure))
#24 /Applications/MAMP/htdocs/diaLaravel/vendor/laravel/framework/src/Illuminate/Pipeline/Pipeline.php(136): call_user_func_array(Array, Array)
#25 [internal function]: Illuminate\Pipeline\Pipeline->Illuminate\Pipeline\{closure}(Object(Illuminate\Http\Request))
#26 /Applications/MAMP/htdocs/diaLaravel/vendor/laravel/framework/src/Illuminate/Routing/Pipeline.php(32): call_user_func(Object(Closure), Object(Illuminate\Http\Request))
#27 /Applications/MAMP/htdocs/diaLaravel/vendor/laravel/framework/src/Illuminate/Cookie/Middleware/EncryptCookies.php(59): Illuminate\Routing\Pipeline->Illuminate\Routing\{closure}(Object(Illuminate\Http\Request))
#28 [internal function]: Illuminate\Cookie\Middleware\EncryptCookies->handle(Object(Illuminate\Http\Request), Object(Closure))
#29 /Applications/MAMP/htdocs/diaLaravel/vendor/laravel/framework/src/Illuminate/Pipeline/Pipeline.php(136): call_user_func_array(Array, Array)
#30 [internal function]: Illuminate\Pipeline\Pipeline->Illuminate\Pipeline\{closure}(Object(Illuminate\Http\Request))
#31 /Applications/MAMP/htdocs/diaLaravel/vendor/laravel/framework/src/Illuminate/Routing/Pipeline.php(32): call_user_func(Object(Closure), Object(Illuminate\Http\Request))
#32 [internal function]: Illuminate\Routing\Pipeline->Illuminate\Routing\{closure}(Object(Illuminate\Http\Request))
#33 /Applications/MAMP/htdocs/diaLaravel/vendor/laravel/framework/src/Illuminate/Pipeline/Pipeline.php(102): call_user_func(Object(Closure), Object(Illuminate\Http\Request))
#34 /Applications/MAMP/htdocs/diaLaravel/vendor/laravel/framework/src/Illuminate/Routing/Router.php(726): Illuminate\Pipeline\Pipeline->then(Object(Closure))
#35 /Applications/MAMP/htdocs/diaLaravel/vendor/laravel/framework/src/Illuminate/Routing/Router.php(699): Illuminate\Routing\Router->runRouteWithinStack(Object(Illuminate\Routing\Route), Object(Illuminate\Http\Request))
#36 /Applications/MAMP/htdocs/diaLaravel/vendor/laravel/framework/src/Illuminate/Routing/Router.php(675): Illuminate\Routing\Router->dispatchToRoute(Object(Illuminate\Http\Request))
#37 /Applications/MAMP/htdocs/diaLaravel/vendor/laravel/framework/src/Illuminate/Foundation/Http/Kernel.php(246): Illuminate\Routing\Router->dispatch(Object(Illuminate\Http\Request))
#38 [internal function]: Illuminate\Foundation\Http\Kernel->Illuminate\Foundation\Http\{closure}(Object(Illuminate\Http\Request))
#39 /Applications/MAMP/htdocs/diaLaravel/vendor/laravel/framework/src/Illuminate/Routing/Pipeline.php(52): call_user_func(Object(Closure), Object(Illuminate\Http\Request))
#40 /Applications/MAMP/htdocs/diaLaravel/vendor/laravel/framework/src/Illuminate/Foundation/Http/Middleware/CheckForMaintenanceMode.php(44): Illuminate\Routing\Pipeline->Illuminate\Routing\{closure}(Object(Illuminate\Http\Request))
#41 [internal function]: Illuminate\Foundation\Http\Middleware\CheckForMaintenanceMode->handle(Object(Illuminate\Http\Request), Object(Closure))
#42 /Applications/MAMP/htdocs/diaLaravel/vendor/laravel/framework/src/Illuminate/Pipeline/Pipeline.php(136): call_user_func_array(Array, Array)
#43 [internal function]: Illuminate\Pipeline\Pipeline->Illuminate\Pipeline\{closure}(Object(Illuminate\Http\Request))
#44 /Applications/MAMP/htdocs/diaLaravel/vendor/laravel/framework/src/Illuminate/Routing/Pipeline.php(32): call_user_func(Object(Closure), Object(Illuminate\Http\Request))
#45 [internal function]: Illuminate\Routing\Pipeline->Illuminate\Routing\{closure}(Object(Illuminate\Http\Request))
#46 /Applications/MAMP/htdocs/diaLaravel/vendor/laravel/framework/src/Illuminate/Pipeline/Pipeline.php(102): call_user_func(Object(Closure), Object(Illuminate\Http\Request))
#47 /Applications/MAMP/htdocs/diaLaravel/vendor/laravel/framework/src/Illuminate/Foundation/Http/Kernel.php(132): Illuminate\Pipeline\Pipeline->then(Object(Closure))
#48 /Applications/MAMP/htdocs/diaLaravel/vendor/laravel/framework/src/Illuminate/Foundation/Http/Kernel.php(99): Illuminate\Foundation\Http\Kernel->sendRequestThroughRouter(Object(Illuminate\Http\Request))
#49 /Applications/MAMP/htdocs/diaLaravel/public/index.php(53): Illuminate\Foundation\Http\Kernel->handle(Object(Illuminate\Http\Request))
#50 {main}  
